<?xml version="1.0" encoding="UTF-8"?>
<!-- Generated by org.testng.reporters.JUnitReportReporter -->
<testsuite skipped="0" hostname="DBHOMEHP" name="uk.co.library.testsuit.JobSearchTest" tests="7" failures="0" timestamp="2022-12-15T21:29:11 GMT" time="77.847" errors="1">
  <testcase name="verifyJobSearchResultUsingDifferentDataSet" time="26.085" classname="uk.co.library.testsuit.JobSearchTest">
    <error type="org.openqa.selenium.NoSuchElementException" message="Cannot locate option with text: up to 20 miles
For documentation on this error, please visit: https://selenium.dev/exceptions/#no_such_element
Build info: version: &#039;4.6.0&#039;, revision: &#039;79f1c02ae20&#039;
System info: os.name: &#039;Windows 10&#039;, os.arch: &#039;amd64&#039;, os.version: &#039;10.0&#039;, java.version: &#039;1.8.0_121&#039;
Driver info: driver.version: unknown">
      <![CDATA[org.openqa.selenium.NoSuchElementException: Cannot locate option with text: up to 20 miles
For documentation on this error, please visit: https://selenium.dev/exceptions/#no_such_element
Build info: version: '4.6.0', revision: '79f1c02ae20'
System info: os.name: 'Windows 10', os.arch: 'amd64', os.version: '10.0', java.version: '1.8.0_121'
Driver info: driver.version: unknown
at org.openqa.selenium.support.ui.Select.selectByVisibleText(Select.java:153)
at uk.co.library.utility.Utility.selectByVisibleTextFromDropDown(Utility.java:146)
at uk.co.library.pages.HomePage.selectDistance(HomePage.java:54)
at uk.co.library.testsuit.JobSearchTest.verifyJobSearchResultUsingDifferentDataSet(JobSearchTest.java:25)
at sun.reflect.NativeMethodAccessorImpl.invoke0(Native Method)
at sun.reflect.NativeMethodAccessorImpl.invoke(NativeMethodAccessorImpl.java:62)
at sun.reflect.DelegatingMethodAccessorImpl.invoke(DelegatingMethodAccessorImpl.java:43)
at java.lang.reflect.Method.invoke(Method.java:498)
at org.testng.internal.invokers.MethodInvocationHelper.invokeMethod(MethodInvocationHelper.java:135)
at org.testng.internal.invokers.TestInvoker.invokeMethod(TestInvoker.java:673)
at org.testng.internal.invokers.TestInvoker.invokeTestMethod(TestInvoker.java:220)
at org.testng.internal.invokers.MethodRunner.runInSequence(MethodRunner.java:50)
at org.testng.internal.invokers.TestInvoker$MethodInvocationAgent.invoke(TestInvoker.java:945)
at org.testng.internal.invokers.TestInvoker.invokeTestMethods(TestInvoker.java:193)
at org.testng.internal.invokers.TestMethodWorker.invokeTestMethods(TestMethodWorker.java:146)
at org.testng.internal.invokers.TestMethodWorker.run(TestMethodWorker.java:128)
at java.util.ArrayList.forEach(ArrayList.java:1249)
at org.testng.TestRunner.privateRun(TestRunner.java:808)
at org.testng.TestRunner.run(TestRunner.java:603)
at org.testng.SuiteRunner.runTest(SuiteRunner.java:429)
at org.testng.SuiteRunner.runSequentially(SuiteRunner.java:423)
at org.testng.SuiteRunner.privateRun(SuiteRunner.java:383)
at org.testng.SuiteRunner.run(SuiteRunner.java:326)
at org.testng.SuiteRunnerWorker.runSuite(SuiteRunnerWorker.java:52)
at org.testng.SuiteRunnerWorker.run(SuiteRunnerWorker.java:95)
at org.testng.TestNG.runSuitesSequentially(TestNG.java:1249)
at org.testng.TestNG.runSuitesLocally(TestNG.java:1169)
at org.testng.TestNG.runSuites(TestNG.java:1092)
at org.testng.TestNG.run(TestNG.java:1060)
at com.intellij.rt.testng.IDEARemoteTestNG.run(IDEARemoteTestNG.java:66)
at com.intellij.rt.testng.RemoteTestNGStarter.main(RemoteTestNGStarter.java:109)
]]>
    </error>
  </testcase> <!-- verifyJobSearchResultUsingDifferentDataSet -->
  <system-out>
    <![CDATA[enter job title[[ChromeDriver: chrome on WINDOWS (86360035df3b817003a08db92a009c72)] -> xpath: //input[@id='keywords']]
enter location[[ChromeDriver: chrome on WINDOWS (86360035df3b817003a08db92a009c72)] -> id: location]
select distance from dropdown[[ChromeDriver: chrome on WINDOWS (86360035df3b817003a08db92a009c72)] -> id: distance]
Click to see screenshot
<a target = "_blank" href=C:\Users\viral\IdeaProjects\cv-library-uk/test-output/html/verifyJobSearchResultUsingDifferentDataSetThu_Dec_15_21_29_02_GMT_2022.jpg>Screenshot</a>
<br>
<br>
<a target = "_blank" href=C:\Users\viral\IdeaProjects\cv-library-uk/test-output/html/verifyJobSearchResultUsingDifferentDataSetThu_Dec_15_21_29_02_GMT_2022.jpg><img src=C:\Users\viral\IdeaProjects\cv-library-uk/test-output/html/verifyJobSearchResultUsingDifferentDataSetThu_Dec_15_21_29_02_GMT_2022.jpg height=200 width=200></img></a>]]>
  </system-out>
  <testcase name="verifyJobSearchResultUsingDifferentDataSet" time="8.495" classname="uk.co.library.testsuit.JobSearchTest"/>
  <system-out>
    <![CDATA[enter job title[[ChromeDriver: chrome on WINDOWS (0cd62ee52d045b96926dcf007ba7bfbd)] -> xpath: //input[@id='keywords']]
enter location[[ChromeDriver: chrome on WINDOWS (0cd62ee52d045b96926dcf007ba7bfbd)] -> id: location]
select distance from dropdown[[ChromeDriver: chrome on WINDOWS (0cd62ee52d045b96926dcf007ba7bfbd)] -> id: distance]
click on more search[[ChromeDriver: chrome on WINDOWS (0cd62ee52d045b96926dcf007ba7bfbd)] -> id: toggle-hp-search]
enter salary minimum[[ChromeDriver: chrome on WINDOWS (0cd62ee52d045b96926dcf007ba7bfbd)] -> id: salarymin]
enter maximum salary1000
verify text[[ChromeDriver: chrome on WINDOWS (0cd62ee52d045b96926dcf007ba7bfbd)] -> id: salarytype]
select job typeTemporary
click on find job[[ChromeDriver: chrome on WINDOWS (0cd62ee52d045b96926dcf007ba7bfbd)] -> id: hp-search-btn]
verify text[[ChromeDriver: chrome on WINDOWS (0cd62ee52d045b96926dcf007ba7bfbd)] -> xpath: //h1[@class='search-header__title']]]]>
  </system-out>
  <testcase name="verifyJobSearchResultUsingDifferentDataSet" time="8.771" classname="uk.co.library.testsuit.JobSearchTest"/>
  <system-out>
    <![CDATA[enter job title[[ChromeDriver: chrome on WINDOWS (0e8468cf40fcbbd26b34d563d0187fb4)] -> xpath: //input[@id='keywords']]
enter location[[ChromeDriver: chrome on WINDOWS (0e8468cf40fcbbd26b34d563d0187fb4)] -> id: location]
select distance from dropdown[[ChromeDriver: chrome on WINDOWS (0e8468cf40fcbbd26b34d563d0187fb4)] -> id: distance]
click on more search[[ChromeDriver: chrome on WINDOWS (0e8468cf40fcbbd26b34d563d0187fb4)] -> id: toggle-hp-search]
enter salary minimum[[ChromeDriver: chrome on WINDOWS (0e8468cf40fcbbd26b34d563d0187fb4)] -> id: salarymin]
enter maximum salary600000
verify text[[ChromeDriver: chrome on WINDOWS (0e8468cf40fcbbd26b34d563d0187fb4)] -> id: salarytype]
select job typeApprenticeship
click on find job[[ChromeDriver: chrome on WINDOWS (0e8468cf40fcbbd26b34d563d0187fb4)] -> id: hp-search-btn]
verify text[[ChromeDriver: chrome on WINDOWS (0e8468cf40fcbbd26b34d563d0187fb4)] -> xpath: //h1[@class='search-header__title']]]]>
  </system-out>
  <testcase name="verifyJobSearchResultUsingDifferentDataSet" time="10.545" classname="uk.co.library.testsuit.JobSearchTest"/>
  <system-out>
    <![CDATA[enter job title[[ChromeDriver: chrome on WINDOWS (72f3002824505f9a995b7f532f295dd7)] -> xpath: //input[@id='keywords']]
enter location[[ChromeDriver: chrome on WINDOWS (72f3002824505f9a995b7f532f295dd7)] -> id: location]
select distance from dropdown[[ChromeDriver: chrome on WINDOWS (72f3002824505f9a995b7f532f295dd7)] -> id: distance]
click on more search[[ChromeDriver: chrome on WINDOWS (72f3002824505f9a995b7f532f295dd7)] -> id: toggle-hp-search]
enter salary minimum[[ChromeDriver: chrome on WINDOWS (72f3002824505f9a995b7f532f295dd7)] -> id: salarymin]
enter maximum salary500000
verify text[[ChromeDriver: chrome on WINDOWS (72f3002824505f9a995b7f532f295dd7)] -> id: salarytype]
select job typePermanent
click on find job[[ChromeDriver: chrome on WINDOWS (72f3002824505f9a995b7f532f295dd7)] -> id: hp-search-btn]
verify text[[ChromeDriver: chrome on WINDOWS (72f3002824505f9a995b7f532f295dd7)] -> xpath: //h1[@class='search-header__title']]]]>
  </system-out>
  <testcase name="verifyJobSearchResultUsingDifferentDataSet" time="8.344" classname="uk.co.library.testsuit.JobSearchTest"/>
  <system-out>
    <![CDATA[enter job title[[ChromeDriver: chrome on WINDOWS (d9efa937858492884cbee41c1960067d)] -> xpath: //input[@id='keywords']]
enter location[[ChromeDriver: chrome on WINDOWS (d9efa937858492884cbee41c1960067d)] -> id: location]
select distance from dropdown[[ChromeDriver: chrome on WINDOWS (d9efa937858492884cbee41c1960067d)] -> id: distance]
click on more search[[ChromeDriver: chrome on WINDOWS (d9efa937858492884cbee41c1960067d)] -> id: toggle-hp-search]
enter salary minimum[[ChromeDriver: chrome on WINDOWS (d9efa937858492884cbee41c1960067d)] -> id: salarymin]
enter maximum salary10000
verify text[[ChromeDriver: chrome on WINDOWS (d9efa937858492884cbee41c1960067d)] -> id: salarytype]
select job typePart Time
click on find job[[ChromeDriver: chrome on WINDOWS (d9efa937858492884cbee41c1960067d)] -> id: hp-search-btn]
verify text[[ChromeDriver: chrome on WINDOWS (d9efa937858492884cbee41c1960067d)] -> xpath: //h1[@class='search-header__title']]]]>
  </system-out>
  <testcase name="verifyJobSearchResultUsingDifferentDataSet" time="7.265" classname="uk.co.library.testsuit.JobSearchTest"/>
  <system-out>
    <![CDATA[enter job title[[ChromeDriver: chrome on WINDOWS (9fb605aa2d1e2021095d242120b69b58)] -> xpath: //input[@id='keywords']]
enter location[[ChromeDriver: chrome on WINDOWS (9fb605aa2d1e2021095d242120b69b58)] -> id: location]
select distance from dropdown[[ChromeDriver: chrome on WINDOWS (9fb605aa2d1e2021095d242120b69b58)] -> id: distance]
click on more search[[ChromeDriver: chrome on WINDOWS (9fb605aa2d1e2021095d242120b69b58)] -> id: toggle-hp-search]
enter salary minimum[[ChromeDriver: chrome on WINDOWS (9fb605aa2d1e2021095d242120b69b58)] -> id: salarymin]
enter maximum salary500000
verify text[[ChromeDriver: chrome on WINDOWS (9fb605aa2d1e2021095d242120b69b58)] -> id: salarytype]
select job typePermanent
click on find job[[ChromeDriver: chrome on WINDOWS (9fb605aa2d1e2021095d242120b69b58)] -> id: hp-search-btn]
verify text[[ChromeDriver: chrome on WINDOWS (9fb605aa2d1e2021095d242120b69b58)] -> xpath: //h1[@class='search-header__title']]]]>
  </system-out>
  <testcase name="verifyJobSearchResultUsingDifferentDataSet" time="8.342" classname="uk.co.library.testsuit.JobSearchTest"/>
  <system-out>
    <![CDATA[enter job title[[ChromeDriver: chrome on WINDOWS (f1ce09269aca96c154b93c97d26362d5)] -> xpath: //input[@id='keywords']]
enter location[[ChromeDriver: chrome on WINDOWS (f1ce09269aca96c154b93c97d26362d5)] -> id: location]
select distance from dropdown[[ChromeDriver: chrome on WINDOWS (f1ce09269aca96c154b93c97d26362d5)] -> id: distance]
click on more search[[ChromeDriver: chrome on WINDOWS (f1ce09269aca96c154b93c97d26362d5)] -> id: toggle-hp-search]
enter salary minimum[[ChromeDriver: chrome on WINDOWS (f1ce09269aca96c154b93c97d26362d5)] -> id: salarymin]
enter maximum salary600000
verify text[[ChromeDriver: chrome on WINDOWS (f1ce09269aca96c154b93c97d26362d5)] -> id: salarytype]
select job typeContract
click on find job[[ChromeDriver: chrome on WINDOWS (f1ce09269aca96c154b93c97d26362d5)] -> id: hp-search-btn]
verify text[[ChromeDriver: chrome on WINDOWS (f1ce09269aca96c154b93c97d26362d5)] -> xpath: //h1[@class='search-header__title']]]]>
  </system-out>
</testsuite> <!-- uk.co.library.testsuit.JobSearchTest -->
